C:\Users\acer\Desktop\NotesOnline\NotesOnline\Scripts\services\spinner.service.js
C:\Users\acer\Desktop\NotesOnline\NotesOnline\Scripts\services\spinner.service.js.map
C:\Users\acer\Desktop\NotesOnline\NotesOnline\Scripts\components\app\app.component.js
C:\Users\acer\Desktop\NotesOnline\NotesOnline\Scripts\components\app\app.component.js.map
C:\Users\acer\Desktop\NotesOnline\NotesOnline\Scripts\components\home\home.component.js
C:\Users\acer\Desktop\NotesOnline\NotesOnline\Scripts\components\home\home.component.js.map
C:\Users\acer\Desktop\NotesOnline\NotesOnline\Scripts\components\navmenu\navmenu.component.js
C:\Users\acer\Desktop\NotesOnline\NotesOnline\Scripts\components\navmenu\navmenu.component.js.map
C:\Users\acer\Desktop\NotesOnline\NotesOnline\Scripts\services\authentication.service.js
C:\Users\acer\Desktop\NotesOnline\NotesOnline\Scripts\services\authentication.service.js.map
C:\Users\acer\Desktop\NotesOnline\NotesOnline\Scripts\components\login\login.component.js
C:\Users\acer\Desktop\NotesOnline\NotesOnline\Scripts\components\login\login.component.js.map
C:\Users\acer\Desktop\NotesOnline\NotesOnline\Scripts\components\footer\footer.component.js
C:\Users\acer\Desktop\NotesOnline\NotesOnline\Scripts\components\footer\footer.component.js.map
C:\Users\acer\Desktop\NotesOnline\NotesOnline\Scripts\boot.js
C:\Users\acer\Desktop\NotesOnline\NotesOnline\Scripts\boot.js.map
C:\Users\acer\Desktop\NotesOnline\NotesOnline\Scripts\main.js
C:\Users\acer\Desktop\NotesOnline\NotesOnline\Scripts\main.js.map
C:\Users\acer\Desktop\NotesOnline\NotesOnline\Scripts\services\spinner.service.js
C:\Users\acer\Desktop\NotesOnline\NotesOnline\Scripts\services\spinner.service.js.map
C:\Users\acer\Desktop\NotesOnline\NotesOnline\Scripts\components\app\app.component.js
C:\Users\acer\Desktop\NotesOnline\NotesOnline\Scripts\components\app\app.component.js.map
C:\Users\acer\Desktop\NotesOnline\NotesOnline\Scripts\components\home\home.component.js
C:\Users\acer\Desktop\NotesOnline\NotesOnline\Scripts\components\home\home.component.js.map
C:\Users\acer\Desktop\NotesOnline\NotesOnline\Scripts\components\navmenu\navmenu.component.js
C:\Users\acer\Desktop\NotesOnline\NotesOnline\Scripts\components\navmenu\navmenu.component.js.map
C:\Users\acer\Desktop\NotesOnline\NotesOnline\Scripts\services\authentication.service.js
C:\Users\acer\Desktop\NotesOnline\NotesOnline\Scripts\services\authentication.service.js.map
C:\Users\acer\Desktop\NotesOnline\NotesOnline\Scripts\components\login\login.component.js
C:\Users\acer\Desktop\NotesOnline\NotesOnline\Scripts\components\login\login.component.js.map
C:\Users\acer\Desktop\NotesOnline\NotesOnline\Scripts\components\footer\footer.component.js
C:\Users\acer\Desktop\NotesOnline\NotesOnline\Scripts\components\footer\footer.component.js.map
C:\Users\acer\Desktop\NotesOnline\NotesOnline\Scripts\boot.js
C:\Users\acer\Desktop\NotesOnline\NotesOnline\Scripts\boot.js.map
C:\Users\acer\Desktop\NotesOnline\NotesOnline\Scripts\main.js
C:\Users\acer\Desktop\NotesOnline\NotesOnline\Scripts\main.js.map
C:\Users\acer\Desktop\NotesOnline\NotesOnline\Scripts\services\spinner.service.js
C:\Users\acer\Desktop\NotesOnline\NotesOnline\Scripts\services\spinner.service.js.map
C:\Users\acer\Desktop\NotesOnline\NotesOnline\Scripts\components\app\app.component.js
C:\Users\acer\Desktop\NotesOnline\NotesOnline\Scripts\components\app\app.component.js.map
C:\Users\acer\Desktop\NotesOnline\NotesOnline\Scripts\components\home\home.component.js
C:\Users\acer\Desktop\NotesOnline\NotesOnline\Scripts\components\home\home.component.js.map
C:\Users\acer\Desktop\NotesOnline\NotesOnline\Scripts\components\navmenu\navmenu.component.js
C:\Users\acer\Desktop\NotesOnline\NotesOnline\Scripts\components\navmenu\navmenu.component.js.map
C:\Users\acer\Desktop\NotesOnline\NotesOnline\Scripts\services\authentication.service.js
C:\Users\acer\Desktop\NotesOnline\NotesOnline\Scripts\services\authentication.service.js.map
C:\Users\acer\Desktop\NotesOnline\NotesOnline\Scripts\components\login\login.component.js
C:\Users\acer\Desktop\NotesOnline\NotesOnline\Scripts\components\login\login.component.js.map
C:\Users\acer\Desktop\NotesOnline\NotesOnline\Scripts\components\footer\footer.component.js
C:\Users\acer\Desktop\NotesOnline\NotesOnline\Scripts\components\footer\footer.component.js.map
C:\Users\acer\Desktop\NotesOnline\NotesOnline\Scripts\boot.js
C:\Users\acer\Desktop\NotesOnline\NotesOnline\Scripts\boot.js.map
C:\Users\acer\Desktop\NotesOnline\NotesOnline\Scripts\main.js
C:\Users\acer\Desktop\NotesOnline\NotesOnline\Scripts\main.js.map
C:\Users\acer\Desktop\NotesOnline\NotesOnline\Scripts\services\spinner.service.js
C:\Users\acer\Desktop\NotesOnline\NotesOnline\Scripts\services\spinner.service.js.map
C:\Users\acer\Desktop\NotesOnline\NotesOnline\Scripts\components\app\app.component.js
C:\Users\acer\Desktop\NotesOnline\NotesOnline\Scripts\components\app\app.component.js.map
C:\Users\acer\Desktop\NotesOnline\NotesOnline\Scripts\components\home\home.component.js
C:\Users\acer\Desktop\NotesOnline\NotesOnline\Scripts\components\home\home.component.js.map
C:\Users\acer\Desktop\NotesOnline\NotesOnline\Scripts\components\navmenu\navmenu.component.js
C:\Users\acer\Desktop\NotesOnline\NotesOnline\Scripts\components\navmenu\navmenu.component.js.map
C:\Users\acer\Desktop\NotesOnline\NotesOnline\Scripts\services\authentication.service.js
C:\Users\acer\Desktop\NotesOnline\NotesOnline\Scripts\services\authentication.service.js.map
C:\Users\acer\Desktop\NotesOnline\NotesOnline\Scripts\components\login\login.component.js
C:\Users\acer\Desktop\NotesOnline\NotesOnline\Scripts\components\login\login.component.js.map
C:\Users\acer\Desktop\NotesOnline\NotesOnline\Scripts\components\footer\footer.component.js
C:\Users\acer\Desktop\NotesOnline\NotesOnline\Scripts\components\footer\footer.component.js.map
C:\Users\acer\Desktop\NotesOnline\NotesOnline\Scripts\boot.js
C:\Users\acer\Desktop\NotesOnline\NotesOnline\Scripts\boot.js.map
C:\Users\acer\Desktop\NotesOnline\NotesOnline\Scripts\main.js
C:\Users\acer\Desktop\NotesOnline\NotesOnline\Scripts\main.js.map
C:\Users\acer\Desktop\NotesOnline\NotesOnline\Scripts\services\spinner.service.js
C:\Users\acer\Desktop\NotesOnline\NotesOnline\Scripts\services\spinner.service.js.map
C:\Users\acer\Desktop\NotesOnline\NotesOnline\Scripts\components\app\app.component.js
C:\Users\acer\Desktop\NotesOnline\NotesOnline\Scripts\components\app\app.component.js.map
C:\Users\acer\Desktop\NotesOnline\NotesOnline\Scripts\components\home\home.component.js
C:\Users\acer\Desktop\NotesOnline\NotesOnline\Scripts\components\home\home.component.js.map
C:\Users\acer\Desktop\NotesOnline\NotesOnline\Scripts\components\navmenu\navmenu.component.js
C:\Users\acer\Desktop\NotesOnline\NotesOnline\Scripts\components\navmenu\navmenu.component.js.map
C:\Users\acer\Desktop\NotesOnline\NotesOnline\Scripts\services\authentication.service.js
C:\Users\acer\Desktop\NotesOnline\NotesOnline\Scripts\services\authentication.service.js.map
C:\Users\acer\Desktop\NotesOnline\NotesOnline\Scripts\components\login\login.component.js
C:\Users\acer\Desktop\NotesOnline\NotesOnline\Scripts\components\login\login.component.js.map
C:\Users\acer\Desktop\NotesOnline\NotesOnline\Scripts\components\footer\footer.component.js
C:\Users\acer\Desktop\NotesOnline\NotesOnline\Scripts\components\footer\footer.component.js.map
C:\Users\acer\Desktop\NotesOnline\NotesOnline\Scripts\boot.js
C:\Users\acer\Desktop\NotesOnline\NotesOnline\Scripts\boot.js.map
C:\Users\acer\Desktop\NotesOnline\NotesOnline\Scripts\main.js
C:\Users\acer\Desktop\NotesOnline\NotesOnline\Scripts\main.js.map
C:\Users\acer\Desktop\NotesOnline\NotesOnline\Scripts\components\app\app.component.js
C:\Users\acer\Desktop\NotesOnline\NotesOnline\Scripts\components\app\app.component.js.map
C:\Users\acer\Desktop\NotesOnline\NotesOnline\Scripts\components\home\home.component.js
C:\Users\acer\Desktop\NotesOnline\NotesOnline\Scripts\components\home\home.component.js.map
C:\Users\acer\Desktop\NotesOnline\NotesOnline\Scripts\components\navmenu\navmenu.component.js
C:\Users\acer\Desktop\NotesOnline\NotesOnline\Scripts\components\navmenu\navmenu.component.js.map
C:\Users\acer\Desktop\NotesOnline\NotesOnline\Scripts\services\authentication.service.js
C:\Users\acer\Desktop\NotesOnline\NotesOnline\Scripts\services\authentication.service.js.map
C:\Users\acer\Desktop\NotesOnline\NotesOnline\Scripts\components\login\login.component.js
C:\Users\acer\Desktop\NotesOnline\NotesOnline\Scripts\components\login\login.component.js.map
C:\Users\acer\Desktop\NotesOnline\NotesOnline\Scripts\components\footer\footer.component.js
C:\Users\acer\Desktop\NotesOnline\NotesOnline\Scripts\components\footer\footer.component.js.map
C:\Users\acer\Desktop\NotesOnline\NotesOnline\Scripts\boot.js
C:\Users\acer\Desktop\NotesOnline\NotesOnline\Scripts\boot.js.map
C:\Users\acer\Desktop\NotesOnline\NotesOnline\Scripts\main.js
C:\Users\acer\Desktop\NotesOnline\NotesOnline\Scripts\main.js.map
C:\Users\acer\Desktop\NotesOnline\NotesOnline\Scripts\components\app\app.component.js
C:\Users\acer\Desktop\NotesOnline\NotesOnline\Scripts\components\app\app.component.js.map
C:\Users\acer\Desktop\NotesOnline\NotesOnline\Scripts\components\home\home.component.js
C:\Users\acer\Desktop\NotesOnline\NotesOnline\Scripts\components\home\home.component.js.map
C:\Users\acer\Desktop\NotesOnline\NotesOnline\Scripts\components\navmenu\navmenu.component.js
C:\Users\acer\Desktop\NotesOnline\NotesOnline\Scripts\components\navmenu\navmenu.component.js.map
C:\Users\acer\Desktop\NotesOnline\NotesOnline\Scripts\services\authentication.service.js
C:\Users\acer\Desktop\NotesOnline\NotesOnline\Scripts\services\authentication.service.js.map
C:\Users\acer\Desktop\NotesOnline\NotesOnline\Scripts\components\login\login.component.js
C:\Users\acer\Desktop\NotesOnline\NotesOnline\Scripts\components\login\login.component.js.map
C:\Users\acer\Desktop\NotesOnline\NotesOnline\Scripts\components\footer\footer.component.js
C:\Users\acer\Desktop\NotesOnline\NotesOnline\Scripts\components\footer\footer.component.js.map
C:\Users\acer\Desktop\NotesOnline\NotesOnline\Scripts\boot.js
C:\Users\acer\Desktop\NotesOnline\NotesOnline\Scripts\boot.js.map
C:\Users\acer\Desktop\NotesOnline\NotesOnline\Scripts\main.js
C:\Users\acer\Desktop\NotesOnline\NotesOnline\Scripts\main.js.map
C:\Users\acer\Desktop\NotesOnline\NotesOnline\Scripts\components\app\app.component.js
C:\Users\acer\Desktop\NotesOnline\NotesOnline\Scripts\components\app\app.component.js.map
C:\Users\acer\Desktop\NotesOnline\NotesOnline\Scripts\components\home\home.component.js
C:\Users\acer\Desktop\NotesOnline\NotesOnline\Scripts\components\home\home.component.js.map
C:\Users\acer\Desktop\NotesOnline\NotesOnline\Scripts\components\navmenu\navmenu.component.js
C:\Users\acer\Desktop\NotesOnline\NotesOnline\Scripts\components\navmenu\navmenu.component.js.map
C:\Users\acer\Desktop\NotesOnline\NotesOnline\Scripts\services\authentication.service.js
C:\Users\acer\Desktop\NotesOnline\NotesOnline\Scripts\services\authentication.service.js.map
C:\Users\acer\Desktop\NotesOnline\NotesOnline\Scripts\components\login\login.component.js
C:\Users\acer\Desktop\NotesOnline\NotesOnline\Scripts\components\login\login.component.js.map
C:\Users\acer\Desktop\NotesOnline\NotesOnline\Scripts\components\footer\footer.component.js
C:\Users\acer\Desktop\NotesOnline\NotesOnline\Scripts\components\footer\footer.component.js.map
C:\Users\acer\Desktop\NotesOnline\NotesOnline\Scripts\boot.js
C:\Users\acer\Desktop\NotesOnline\NotesOnline\Scripts\boot.js.map
C:\Users\acer\Desktop\NotesOnline\NotesOnline\Scripts\main.js
C:\Users\acer\Desktop\NotesOnline\NotesOnline\Scripts\main.js.map
C:\Users\acer\Desktop\NotesOnline\NotesOnline\Scripts\components\app\app.component.js
C:\Users\acer\Desktop\NotesOnline\NotesOnline\Scripts\components\app\app.component.js.map
C:\Users\acer\Desktop\NotesOnline\NotesOnline\Scripts\components\home\home.component.js
C:\Users\acer\Desktop\NotesOnline\NotesOnline\Scripts\components\home\home.component.js.map
C:\Users\acer\Desktop\NotesOnline\NotesOnline\Scripts\components\navmenu\navmenu.component.js
C:\Users\acer\Desktop\NotesOnline\NotesOnline\Scripts\components\navmenu\navmenu.component.js.map
C:\Users\acer\Desktop\NotesOnline\NotesOnline\Scripts\services\authentication.service.js
C:\Users\acer\Desktop\NotesOnline\NotesOnline\Scripts\services\authentication.service.js.map
C:\Users\acer\Desktop\NotesOnline\NotesOnline\Scripts\components\login\login.component.js
C:\Users\acer\Desktop\NotesOnline\NotesOnline\Scripts\components\login\login.component.js.map
C:\Users\acer\Desktop\NotesOnline\NotesOnline\Scripts\components\footer\footer.component.js
C:\Users\acer\Desktop\NotesOnline\NotesOnline\Scripts\components\footer\footer.component.js.map
C:\Users\acer\Desktop\NotesOnline\NotesOnline\Scripts\boot.js
C:\Users\acer\Desktop\NotesOnline\NotesOnline\Scripts\boot.js.map
C:\Users\acer\Desktop\NotesOnline\NotesOnline\Scripts\main.js
C:\Users\acer\Desktop\NotesOnline\NotesOnline\Scripts\main.js.map
C:\Users\acer\Desktop\NotesOnline\NotesOnline\Scripts\components\app\app.component.js
C:\Users\acer\Desktop\NotesOnline\NotesOnline\Scripts\components\app\app.component.js.map
C:\Users\acer\Desktop\NotesOnline\NotesOnline\Scripts\components\home\home.component.js
C:\Users\acer\Desktop\NotesOnline\NotesOnline\Scripts\components\home\home.component.js.map
C:\Users\acer\Desktop\NotesOnline\NotesOnline\Scripts\components\navmenu\navmenu.component.js
C:\Users\acer\Desktop\NotesOnline\NotesOnline\Scripts\components\navmenu\navmenu.component.js.map
C:\Users\acer\Desktop\NotesOnline\NotesOnline\Scripts\services\authentication.service.js
C:\Users\acer\Desktop\NotesOnline\NotesOnline\Scripts\services\authentication.service.js.map
C:\Users\acer\Desktop\NotesOnline\NotesOnline\Scripts\components\login\login.component.js
C:\Users\acer\Desktop\NotesOnline\NotesOnline\Scripts\components\login\login.component.js.map
C:\Users\acer\Desktop\NotesOnline\NotesOnline\Scripts\components\footer\footer.component.js
C:\Users\acer\Desktop\NotesOnline\NotesOnline\Scripts\components\footer\footer.component.js.map
C:\Users\acer\Desktop\NotesOnline\NotesOnline\Scripts\boot.js
C:\Users\acer\Desktop\NotesOnline\NotesOnline\Scripts\boot.js.map
C:\Users\acer\Desktop\NotesOnline\NotesOnline\Scripts\main.js
C:\Users\acer\Desktop\NotesOnline\NotesOnline\Scripts\main.js.map
C:\Users\acer\Desktop\NotesOnline\NotesOnline\Scripts\components\app\app.component.js
C:\Users\acer\Desktop\NotesOnline\NotesOnline\Scripts\components\app\app.component.js.map
C:\Users\acer\Desktop\NotesOnline\NotesOnline\Scripts\components\home\home.component.js
C:\Users\acer\Desktop\NotesOnline\NotesOnline\Scripts\components\home\home.component.js.map
C:\Users\acer\Desktop\NotesOnline\NotesOnline\Scripts\components\navmenu\navmenu.component.js
C:\Users\acer\Desktop\NotesOnline\NotesOnline\Scripts\components\navmenu\navmenu.component.js.map
C:\Users\acer\Desktop\NotesOnline\NotesOnline\Scripts\services\authentication.service.js
C:\Users\acer\Desktop\NotesOnline\NotesOnline\Scripts\services\authentication.service.js.map
C:\Users\acer\Desktop\NotesOnline\NotesOnline\Scripts\components\login\login.component.js
C:\Users\acer\Desktop\NotesOnline\NotesOnline\Scripts\components\login\login.component.js.map
C:\Users\acer\Desktop\NotesOnline\NotesOnline\Scripts\components\footer\footer.component.js
C:\Users\acer\Desktop\NotesOnline\NotesOnline\Scripts\components\footer\footer.component.js.map
C:\Users\acer\Desktop\NotesOnline\NotesOnline\Scripts\boot.js
C:\Users\acer\Desktop\NotesOnline\NotesOnline\Scripts\boot.js.map
C:\Users\acer\Desktop\NotesOnline\NotesOnline\Scripts\main.js
C:\Users\acer\Desktop\NotesOnline\NotesOnline\Scripts\main.js.map
C:\Users\acer\Desktop\NotesOnline\NotesOnline\Scripts\components\app\app.component.js
C:\Users\acer\Desktop\NotesOnline\NotesOnline\Scripts\components\app\app.component.js.map
C:\Users\acer\Desktop\NotesOnline\NotesOnline\Scripts\components\home\home.component.js
C:\Users\acer\Desktop\NotesOnline\NotesOnline\Scripts\components\home\home.component.js.map
C:\Users\acer\Desktop\NotesOnline\NotesOnline\Scripts\components\navmenu\navmenu.component.js
C:\Users\acer\Desktop\NotesOnline\NotesOnline\Scripts\components\navmenu\navmenu.component.js.map
C:\Users\acer\Desktop\NotesOnline\NotesOnline\Scripts\services\authentication.service.js
C:\Users\acer\Desktop\NotesOnline\NotesOnline\Scripts\services\authentication.service.js.map
C:\Users\acer\Desktop\NotesOnline\NotesOnline\Scripts\components\login\login.component.js
C:\Users\acer\Desktop\NotesOnline\NotesOnline\Scripts\components\login\login.component.js.map
C:\Users\acer\Desktop\NotesOnline\NotesOnline\Scripts\components\footer\footer.component.js
C:\Users\acer\Desktop\NotesOnline\NotesOnline\Scripts\components\footer\footer.component.js.map
C:\Users\acer\Desktop\NotesOnline\NotesOnline\Scripts\boot.js
C:\Users\acer\Desktop\NotesOnline\NotesOnline\Scripts\boot.js.map
C:\Users\acer\Desktop\NotesOnline\NotesOnline\Scripts\main.js
C:\Users\acer\Desktop\NotesOnline\NotesOnline\Scripts\main.js.map
C:\Users\acer\Desktop\NotesOnline\NotesOnline\Scripts\components\app\app.component.js
C:\Users\acer\Desktop\NotesOnline\NotesOnline\Scripts\components\app\app.component.js.map
C:\Users\acer\Desktop\NotesOnline\NotesOnline\Scripts\components\home\home.component.js
C:\Users\acer\Desktop\NotesOnline\NotesOnline\Scripts\components\home\home.component.js.map
C:\Users\acer\Desktop\NotesOnline\NotesOnline\Scripts\components\navmenu\navmenu.component.js
C:\Users\acer\Desktop\NotesOnline\NotesOnline\Scripts\components\navmenu\navmenu.component.js.map
C:\Users\acer\Desktop\NotesOnline\NotesOnline\Scripts\services\authentication.service.js
C:\Users\acer\Desktop\NotesOnline\NotesOnline\Scripts\services\authentication.service.js.map
C:\Users\acer\Desktop\NotesOnline\NotesOnline\Scripts\components\login\login.component.js
C:\Users\acer\Desktop\NotesOnline\NotesOnline\Scripts\components\login\login.component.js.map
C:\Users\acer\Desktop\NotesOnline\NotesOnline\Scripts\components\footer\footer.component.js
C:\Users\acer\Desktop\NotesOnline\NotesOnline\Scripts\components\footer\footer.component.js.map
C:\Users\acer\Desktop\NotesOnline\NotesOnline\Scripts\boot.js
C:\Users\acer\Desktop\NotesOnline\NotesOnline\Scripts\boot.js.map
C:\Users\acer\Desktop\NotesOnline\NotesOnline\Scripts\main.js
C:\Users\acer\Desktop\NotesOnline\NotesOnline\Scripts\main.js.map
C:\Users\acer\Desktop\NotesOnline\NotesOnline\Scripts\components\app\app.component.js
C:\Users\acer\Desktop\NotesOnline\NotesOnline\Scripts\components\app\app.component.js.map
C:\Users\acer\Desktop\NotesOnline\NotesOnline\Scripts\components\home\home.component.js
C:\Users\acer\Desktop\NotesOnline\NotesOnline\Scripts\components\home\home.component.js.map
C:\Users\acer\Desktop\NotesOnline\NotesOnline\Scripts\components\navmenu\navmenu.component.js
C:\Users\acer\Desktop\NotesOnline\NotesOnline\Scripts\components\navmenu\navmenu.component.js.map
C:\Users\acer\Desktop\NotesOnline\NotesOnline\Scripts\services\authentication.service.js
C:\Users\acer\Desktop\NotesOnline\NotesOnline\Scripts\services\authentication.service.js.map
C:\Users\acer\Desktop\NotesOnline\NotesOnline\Scripts\components\login\login.component.js
C:\Users\acer\Desktop\NotesOnline\NotesOnline\Scripts\components\login\login.component.js.map
C:\Users\acer\Desktop\NotesOnline\NotesOnline\Scripts\components\footer\footer.component.js
C:\Users\acer\Desktop\NotesOnline\NotesOnline\Scripts\components\footer\footer.component.js.map
C:\Users\acer\Desktop\NotesOnline\NotesOnline\Scripts\boot.js
C:\Users\acer\Desktop\NotesOnline\NotesOnline\Scripts\boot.js.map
C:\Users\acer\Desktop\NotesOnline\NotesOnline\Scripts\main.js
C:\Users\acer\Desktop\NotesOnline\NotesOnline\Scripts\main.js.map
C:\Users\acer\Desktop\NotesOnline\NotesOnline\Scripts\components\app\app.component.js
C:\Users\acer\Desktop\NotesOnline\NotesOnline\Scripts\components\app\app.component.js.map
C:\Users\acer\Desktop\NotesOnline\NotesOnline\Scripts\components\home\home.component.js
C:\Users\acer\Desktop\NotesOnline\NotesOnline\Scripts\components\home\home.component.js.map
C:\Users\acer\Desktop\NotesOnline\NotesOnline\Scripts\components\navmenu\navmenu.component.js
C:\Users\acer\Desktop\NotesOnline\NotesOnline\Scripts\components\navmenu\navmenu.component.js.map
C:\Users\acer\Desktop\NotesOnline\NotesOnline\Scripts\services\authentication.service.js
C:\Users\acer\Desktop\NotesOnline\NotesOnline\Scripts\services\authentication.service.js.map
C:\Users\acer\Desktop\NotesOnline\NotesOnline\Scripts\components\login\login.component.js
C:\Users\acer\Desktop\NotesOnline\NotesOnline\Scripts\components\login\login.component.js.map
C:\Users\acer\Desktop\NotesOnline\NotesOnline\Scripts\components\footer\footer.component.js
C:\Users\acer\Desktop\NotesOnline\NotesOnline\Scripts\components\footer\footer.component.js.map
C:\Users\acer\Desktop\NotesOnline\NotesOnline\Scripts\boot.js
C:\Users\acer\Desktop\NotesOnline\NotesOnline\Scripts\boot.js.map
C:\Users\acer\Desktop\NotesOnline\NotesOnline\Scripts\main.js
C:\Users\acer\Desktop\NotesOnline\NotesOnline\Scripts\main.js.map
C:\Users\acer\Desktop\NotesOnline\NotesOnline\Scripts\components\app\app.component.js
C:\Users\acer\Desktop\NotesOnline\NotesOnline\Scripts\components\app\app.component.js.map
C:\Users\acer\Desktop\NotesOnline\NotesOnline\Scripts\components\home\home.component.js
C:\Users\acer\Desktop\NotesOnline\NotesOnline\Scripts\components\home\home.component.js.map
C:\Users\acer\Desktop\NotesOnline\NotesOnline\Scripts\components\navmenu\navmenu.component.js
C:\Users\acer\Desktop\NotesOnline\NotesOnline\Scripts\components\navmenu\navmenu.component.js.map
C:\Users\acer\Desktop\NotesOnline\NotesOnline\Scripts\services\authentication.service.js
C:\Users\acer\Desktop\NotesOnline\NotesOnline\Scripts\services\authentication.service.js.map
C:\Users\acer\Desktop\NotesOnline\NotesOnline\Scripts\components\login\login.component.js
C:\Users\acer\Desktop\NotesOnline\NotesOnline\Scripts\components\login\login.component.js.map
C:\Users\acer\Desktop\NotesOnline\NotesOnline\Scripts\components\footer\footer.component.js
C:\Users\acer\Desktop\NotesOnline\NotesOnline\Scripts\components\footer\footer.component.js.map
C:\Users\acer\Desktop\NotesOnline\NotesOnline\Scripts\boot.js
C:\Users\acer\Desktop\NotesOnline\NotesOnline\Scripts\boot.js.map
C:\Users\acer\Desktop\NotesOnline\NotesOnline\Scripts\main.js
C:\Users\acer\Desktop\NotesOnline\NotesOnline\Scripts\main.js.map
C:\Users\acer\Desktop\NotesOnline\NotesOnline\Scripts\components\app\app.component.js
C:\Users\acer\Desktop\NotesOnline\NotesOnline\Scripts\components\app\app.component.js.map
C:\Users\acer\Desktop\NotesOnline\NotesOnline\Scripts\components\home\home.component.js
C:\Users\acer\Desktop\NotesOnline\NotesOnline\Scripts\components\home\home.component.js.map
C:\Users\acer\Desktop\NotesOnline\NotesOnline\Scripts\components\navmenu\navmenu.component.js
C:\Users\acer\Desktop\NotesOnline\NotesOnline\Scripts\components\navmenu\navmenu.component.js.map
C:\Users\acer\Desktop\NotesOnline\NotesOnline\Scripts\services\authentication.service.js
C:\Users\acer\Desktop\NotesOnline\NotesOnline\Scripts\services\authentication.service.js.map
C:\Users\acer\Desktop\NotesOnline\NotesOnline\Scripts\components\login\login.component.js
C:\Users\acer\Desktop\NotesOnline\NotesOnline\Scripts\components\login\login.component.js.map
C:\Users\acer\Desktop\NotesOnline\NotesOnline\Scripts\components\footer\footer.component.js
C:\Users\acer\Desktop\NotesOnline\NotesOnline\Scripts\components\footer\footer.component.js.map
C:\Users\acer\Desktop\NotesOnline\NotesOnline\Scripts\boot.js
C:\Users\acer\Desktop\NotesOnline\NotesOnline\Scripts\boot.js.map
C:\Users\acer\Desktop\NotesOnline\NotesOnline\Scripts\main.js
C:\Users\acer\Desktop\NotesOnline\NotesOnline\Scripts\main.js.map
C:\Users\acer\Desktop\NotesOnline\NotesOnline\Scripts\components\app\app.component.js
C:\Users\acer\Desktop\NotesOnline\NotesOnline\Scripts\components\app\app.component.js.map
C:\Users\acer\Desktop\NotesOnline\NotesOnline\Scripts\components\home\home.component.js
C:\Users\acer\Desktop\NotesOnline\NotesOnline\Scripts\components\home\home.component.js.map
C:\Users\acer\Desktop\NotesOnline\NotesOnline\Scripts\components\navmenu\navmenu.component.js
C:\Users\acer\Desktop\NotesOnline\NotesOnline\Scripts\components\navmenu\navmenu.component.js.map
C:\Users\acer\Desktop\NotesOnline\NotesOnline\Scripts\services\authentication.service.js
C:\Users\acer\Desktop\NotesOnline\NotesOnline\Scripts\services\authentication.service.js.map
C:\Users\acer\Desktop\NotesOnline\NotesOnline\Scripts\components\login\login.component.js
C:\Users\acer\Desktop\NotesOnline\NotesOnline\Scripts\components\login\login.component.js.map
C:\Users\acer\Desktop\NotesOnline\NotesOnline\Scripts\components\footer\footer.component.js
C:\Users\acer\Desktop\NotesOnline\NotesOnline\Scripts\components\footer\footer.component.js.map
C:\Users\acer\Desktop\NotesOnline\NotesOnline\Scripts\boot.js
C:\Users\acer\Desktop\NotesOnline\NotesOnline\Scripts\boot.js.map
C:\Users\acer\Desktop\NotesOnline\NotesOnline\Scripts\main.js
C:\Users\acer\Desktop\NotesOnline\NotesOnline\Scripts\main.js.map
C:\Users\acer\Desktop\NotesOnline\NotesOnline\Scripts\components\app\app.component.js
C:\Users\acer\Desktop\NotesOnline\NotesOnline\Scripts\components\app\app.component.js.map
C:\Users\acer\Desktop\NotesOnline\NotesOnline\Scripts\components\home\home.component.js
C:\Users\acer\Desktop\NotesOnline\NotesOnline\Scripts\components\home\home.component.js.map
C:\Users\acer\Desktop\NotesOnline\NotesOnline\Scripts\components\navmenu\navmenu.component.js
C:\Users\acer\Desktop\NotesOnline\NotesOnline\Scripts\components\navmenu\navmenu.component.js.map
C:\Users\acer\Desktop\NotesOnline\NotesOnline\Scripts\services\authentication.service.js
C:\Users\acer\Desktop\NotesOnline\NotesOnline\Scripts\services\authentication.service.js.map
C:\Users\acer\Desktop\NotesOnline\NotesOnline\Scripts\components\login\login.component.js
C:\Users\acer\Desktop\NotesOnline\NotesOnline\Scripts\components\login\login.component.js.map
C:\Users\acer\Desktop\NotesOnline\NotesOnline\Scripts\components\footer\footer.component.js
C:\Users\acer\Desktop\NotesOnline\NotesOnline\Scripts\components\footer\footer.component.js.map
C:\Users\acer\Desktop\NotesOnline\NotesOnline\Scripts\boot.js
C:\Users\acer\Desktop\NotesOnline\NotesOnline\Scripts\boot.js.map
C:\Users\acer\Desktop\NotesOnline\NotesOnline\Scripts\main.js
C:\Users\acer\Desktop\NotesOnline\NotesOnline\Scripts\main.js.map
C:\Users\acer\Desktop\NotesOnline\NotesOnline\Scripts\components\app\app.component.js
C:\Users\acer\Desktop\NotesOnline\NotesOnline\Scripts\components\app\app.component.js.map
C:\Users\acer\Desktop\NotesOnline\NotesOnline\Scripts\components\home\home.component.js
C:\Users\acer\Desktop\NotesOnline\NotesOnline\Scripts\components\home\home.component.js.map
C:\Users\acer\Desktop\NotesOnline\NotesOnline\Scripts\components\navmenu\navmenu.component.js
C:\Users\acer\Desktop\NotesOnline\NotesOnline\Scripts\components\navmenu\navmenu.component.js.map
C:\Users\acer\Desktop\NotesOnline\NotesOnline\Scripts\services\authentication.service.js
C:\Users\acer\Desktop\NotesOnline\NotesOnline\Scripts\services\authentication.service.js.map
C:\Users\acer\Desktop\NotesOnline\NotesOnline\Scripts\components\login\login.component.js
C:\Users\acer\Desktop\NotesOnline\NotesOnline\Scripts\components\login\login.component.js.map
C:\Users\acer\Desktop\NotesOnline\NotesOnline\Scripts\components\footer\footer.component.js
C:\Users\acer\Desktop\NotesOnline\NotesOnline\Scripts\components\footer\footer.component.js.map
C:\Users\acer\Desktop\NotesOnline\NotesOnline\Scripts\boot.js
C:\Users\acer\Desktop\NotesOnline\NotesOnline\Scripts\boot.js.map
C:\Users\acer\Desktop\NotesOnline\NotesOnline\Scripts\main.js
C:\Users\acer\Desktop\NotesOnline\NotesOnline\Scripts\main.js.map
C:\Users\acer\Desktop\NotesOnline\NotesOnline\Scripts\components\app\app.component.js
C:\Users\acer\Desktop\NotesOnline\NotesOnline\Scripts\components\app\app.component.js.map
C:\Users\acer\Desktop\NotesOnline\NotesOnline\Scripts\components\home\home.component.js
C:\Users\acer\Desktop\NotesOnline\NotesOnline\Scripts\components\home\home.component.js.map
C:\Users\acer\Desktop\NotesOnline\NotesOnline\Scripts\components\navmenu\navmenu.component.js
C:\Users\acer\Desktop\NotesOnline\NotesOnline\Scripts\components\navmenu\navmenu.component.js.map
C:\Users\acer\Desktop\NotesOnline\NotesOnline\Scripts\services\authentication.service.js
C:\Users\acer\Desktop\NotesOnline\NotesOnline\Scripts\services\authentication.service.js.map
C:\Users\acer\Desktop\NotesOnline\NotesOnline\Scripts\components\login\login.component.js
C:\Users\acer\Desktop\NotesOnline\NotesOnline\Scripts\components\login\login.component.js.map
C:\Users\acer\Desktop\NotesOnline\NotesOnline\Scripts\components\footer\footer.component.js
C:\Users\acer\Desktop\NotesOnline\NotesOnline\Scripts\components\footer\footer.component.js.map
C:\Users\acer\Desktop\NotesOnline\NotesOnline\Scripts\boot.js
C:\Users\acer\Desktop\NotesOnline\NotesOnline\Scripts\boot.js.map
C:\Users\acer\Desktop\NotesOnline\NotesOnline\Scripts\main.js
C:\Users\acer\Desktop\NotesOnline\NotesOnline\Scripts\main.js.map
C:\Users\acer\Desktop\NotesOnline\NotesOnline\Scripts\components\app\app.component.js
C:\Users\acer\Desktop\NotesOnline\NotesOnline\Scripts\components\app\app.component.js.map
C:\Users\acer\Desktop\NotesOnline\NotesOnline\Scripts\components\home\home.component.js
C:\Users\acer\Desktop\NotesOnline\NotesOnline\Scripts\components\home\home.component.js.map
C:\Users\acer\Desktop\NotesOnline\NotesOnline\Scripts\components\navmenu\navmenu.component.js
C:\Users\acer\Desktop\NotesOnline\NotesOnline\Scripts\components\navmenu\navmenu.component.js.map
C:\Users\acer\Desktop\NotesOnline\NotesOnline\Scripts\services\authentication.service.js
C:\Users\acer\Desktop\NotesOnline\NotesOnline\Scripts\services\authentication.service.js.map
C:\Users\acer\Desktop\NotesOnline\NotesOnline\Scripts\components\login\login.component.js
C:\Users\acer\Desktop\NotesOnline\NotesOnline\Scripts\components\login\login.component.js.map
C:\Users\acer\Desktop\NotesOnline\NotesOnline\Scripts\components\footer\footer.component.js
C:\Users\acer\Desktop\NotesOnline\NotesOnline\Scripts\components\footer\footer.component.js.map
C:\Users\acer\Desktop\NotesOnline\NotesOnline\Scripts\boot.js
C:\Users\acer\Desktop\NotesOnline\NotesOnline\Scripts\boot.js.map
C:\Users\acer\Desktop\NotesOnline\NotesOnline\Scripts\main.js
C:\Users\acer\Desktop\NotesOnline\NotesOnline\Scripts\main.js.map
C:\Users\acer\Desktop\NotesOnline\NotesOnline\Scripts\components\app\app.component.js
C:\Users\acer\Desktop\NotesOnline\NotesOnline\Scripts\components\app\app.component.js.map
C:\Users\acer\Desktop\NotesOnline\NotesOnline\Scripts\components\home\home.component.js
C:\Users\acer\Desktop\NotesOnline\NotesOnline\Scripts\components\home\home.component.js.map
C:\Users\acer\Desktop\NotesOnline\NotesOnline\Scripts\components\navmenu\navmenu.component.js
C:\Users\acer\Desktop\NotesOnline\NotesOnline\Scripts\components\navmenu\navmenu.component.js.map
C:\Users\acer\Desktop\NotesOnline\NotesOnline\Scripts\services\authentication.service.js
C:\Users\acer\Desktop\NotesOnline\NotesOnline\Scripts\services\authentication.service.js.map
C:\Users\acer\Desktop\NotesOnline\NotesOnline\Scripts\components\login\login.component.js
C:\Users\acer\Desktop\NotesOnline\NotesOnline\Scripts\components\login\login.component.js.map
C:\Users\acer\Desktop\NotesOnline\NotesOnline\Scripts\components\footer\footer.component.js
C:\Users\acer\Desktop\NotesOnline\NotesOnline\Scripts\components\footer\footer.component.js.map
C:\Users\acer\Desktop\NotesOnline\NotesOnline\Scripts\boot.js
C:\Users\acer\Desktop\NotesOnline\NotesOnline\Scripts\boot.js.map
C:\Users\acer\Desktop\NotesOnline\NotesOnline\Scripts\main.js
C:\Users\acer\Desktop\NotesOnline\NotesOnline\Scripts\main.js.map
C:\Users\acer\Desktop\NotesOnline\NotesOnline\Scripts\components\app\app.component.js
C:\Users\acer\Desktop\NotesOnline\NotesOnline\Scripts\components\app\app.component.js.map
C:\Users\acer\Desktop\NotesOnline\NotesOnline\Scripts\components\home\home.component.js
C:\Users\acer\Desktop\NotesOnline\NotesOnline\Scripts\components\home\home.component.js.map
C:\Users\acer\Desktop\NotesOnline\NotesOnline\Scripts\components\navmenu\navmenu.component.js
C:\Users\acer\Desktop\NotesOnline\NotesOnline\Scripts\components\navmenu\navmenu.component.js.map
C:\Users\acer\Desktop\NotesOnline\NotesOnline\Scripts\services\authentication.service.js
C:\Users\acer\Desktop\NotesOnline\NotesOnline\Scripts\services\authentication.service.js.map
C:\Users\acer\Desktop\NotesOnline\NotesOnline\Scripts\components\login\login.component.js
C:\Users\acer\Desktop\NotesOnline\NotesOnline\Scripts\components\login\login.component.js.map
C:\Users\acer\Desktop\NotesOnline\NotesOnline\Scripts\components\footer\footer.component.js
C:\Users\acer\Desktop\NotesOnline\NotesOnline\Scripts\components\footer\footer.component.js.map
C:\Users\acer\Desktop\NotesOnline\NotesOnline\Scripts\boot.js
C:\Users\acer\Desktop\NotesOnline\NotesOnline\Scripts\boot.js.map
C:\Users\acer\Desktop\NotesOnline\NotesOnline\Scripts\main.js
C:\Users\acer\Desktop\NotesOnline\NotesOnline\Scripts\main.js.map
C:\Users\acer\Desktop\NotesOnline\NotesOnline\Scripts\components\app\app.component.js
C:\Users\acer\Desktop\NotesOnline\NotesOnline\Scripts\components\app\app.component.js.map
C:\Users\acer\Desktop\NotesOnline\NotesOnline\Scripts\components\home\home.component.js
C:\Users\acer\Desktop\NotesOnline\NotesOnline\Scripts\components\home\home.component.js.map
C:\Users\acer\Desktop\NotesOnline\NotesOnline\Scripts\components\navmenu\navmenu.component.js
C:\Users\acer\Desktop\NotesOnline\NotesOnline\Scripts\components\navmenu\navmenu.component.js.map
C:\Users\acer\Desktop\NotesOnline\NotesOnline\Scripts\services\authentication.service.js
C:\Users\acer\Desktop\NotesOnline\NotesOnline\Scripts\services\authentication.service.js.map
C:\Users\acer\Desktop\NotesOnline\NotesOnline\Scripts\components\login\login.component.js
C:\Users\acer\Desktop\NotesOnline\NotesOnline\Scripts\components\login\login.component.js.map
C:\Users\acer\Desktop\NotesOnline\NotesOnline\Scripts\components\footer\footer.component.js
C:\Users\acer\Desktop\NotesOnline\NotesOnline\Scripts\components\footer\footer.component.js.map
C:\Users\acer\Desktop\NotesOnline\NotesOnline\Scripts\boot.js
C:\Users\acer\Desktop\NotesOnline\NotesOnline\Scripts\boot.js.map
C:\Users\acer\Desktop\NotesOnline\NotesOnline\Scripts\main.js
C:\Users\acer\Desktop\NotesOnline\NotesOnline\Scripts\main.js.map
C:\Users\acer\Desktop\NotesOnline\NotesOnline\Scripts\components\app\app.component.js
C:\Users\acer\Desktop\NotesOnline\NotesOnline\Scripts\components\app\app.component.js.map
C:\Users\acer\Desktop\NotesOnline\NotesOnline\Scripts\components\home\home.component.js
C:\Users\acer\Desktop\NotesOnline\NotesOnline\Scripts\components\home\home.component.js.map
C:\Users\acer\Desktop\NotesOnline\NotesOnline\Scripts\components\navmenu\navmenu.component.js
C:\Users\acer\Desktop\NotesOnline\NotesOnline\Scripts\components\navmenu\navmenu.component.js.map
C:\Users\acer\Desktop\NotesOnline\NotesOnline\Scripts\services\authentication.service.js
C:\Users\acer\Desktop\NotesOnline\NotesOnline\Scripts\services\authentication.service.js.map
C:\Users\acer\Desktop\NotesOnline\NotesOnline\Scripts\components\login\login.component.js
C:\Users\acer\Desktop\NotesOnline\NotesOnline\Scripts\components\login\login.component.js.map
C:\Users\acer\Desktop\NotesOnline\NotesOnline\Scripts\components\footer\footer.component.js
C:\Users\acer\Desktop\NotesOnline\NotesOnline\Scripts\components\footer\footer.component.js.map
C:\Users\acer\Desktop\NotesOnline\NotesOnline\Scripts\boot.js
C:\Users\acer\Desktop\NotesOnline\NotesOnline\Scripts\boot.js.map
C:\Users\acer\Desktop\NotesOnline\NotesOnline\Scripts\main.js
C:\Users\acer\Desktop\NotesOnline\NotesOnline\Scripts\main.js.map
C:\Users\acer\Desktop\NotesOnline\NotesOnline\Scripts\components\app\app.component.js
C:\Users\acer\Desktop\NotesOnline\NotesOnline\Scripts\components\app\app.component.js.map
C:\Users\acer\Desktop\NotesOnline\NotesOnline\Scripts\components\home\home.component.js
C:\Users\acer\Desktop\NotesOnline\NotesOnline\Scripts\components\home\home.component.js.map
C:\Users\acer\Desktop\NotesOnline\NotesOnline\Scripts\components\navmenu\navmenu.component.js
C:\Users\acer\Desktop\NotesOnline\NotesOnline\Scripts\components\navmenu\navmenu.component.js.map
C:\Users\acer\Desktop\NotesOnline\NotesOnline\Scripts\services\authentication.service.js
C:\Users\acer\Desktop\NotesOnline\NotesOnline\Scripts\services\authentication.service.js.map
C:\Users\acer\Desktop\NotesOnline\NotesOnline\Scripts\components\login\login.component.js
C:\Users\acer\Desktop\NotesOnline\NotesOnline\Scripts\components\login\login.component.js.map
C:\Users\acer\Desktop\NotesOnline\NotesOnline\Scripts\components\footer\footer.component.js
C:\Users\acer\Desktop\NotesOnline\NotesOnline\Scripts\components\footer\footer.component.js.map
C:\Users\acer\Desktop\NotesOnline\NotesOnline\Scripts\boot.js
C:\Users\acer\Desktop\NotesOnline\NotesOnline\Scripts\boot.js.map
C:\Users\acer\Desktop\NotesOnline\NotesOnline\Scripts\main.js
C:\Users\acer\Desktop\NotesOnline\NotesOnline\Scripts\main.js.map
C:\Users\acer\Desktop\NotesOnline\NotesOnline\Scripts\components\app\app.component.js
C:\Users\acer\Desktop\NotesOnline\NotesOnline\Scripts\components\app\app.component.js.map
C:\Users\acer\Desktop\NotesOnline\NotesOnline\Scripts\components\home\home.component.js
C:\Users\acer\Desktop\NotesOnline\NotesOnline\Scripts\components\home\home.component.js.map
C:\Users\acer\Desktop\NotesOnline\NotesOnline\Scripts\components\navmenu\navmenu.component.js
C:\Users\acer\Desktop\NotesOnline\NotesOnline\Scripts\components\navmenu\navmenu.component.js.map
C:\Users\acer\Desktop\NotesOnline\NotesOnline\Scripts\services\authentication.service.js
C:\Users\acer\Desktop\NotesOnline\NotesOnline\Scripts\services\authentication.service.js.map
C:\Users\acer\Desktop\NotesOnline\NotesOnline\Scripts\components\login\login.component.js
C:\Users\acer\Desktop\NotesOnline\NotesOnline\Scripts\components\login\login.component.js.map
C:\Users\acer\Desktop\NotesOnline\NotesOnline\Scripts\components\footer\footer.component.js
C:\Users\acer\Desktop\NotesOnline\NotesOnline\Scripts\components\footer\footer.component.js.map
C:\Users\acer\Desktop\NotesOnline\NotesOnline\Scripts\boot.js
C:\Users\acer\Desktop\NotesOnline\NotesOnline\Scripts\boot.js.map
C:\Users\acer\Desktop\NotesOnline\NotesOnline\Scripts\main.js
C:\Users\acer\Desktop\NotesOnline\NotesOnline\Scripts\main.js.map
C:\Users\acer\Desktop\NotesOnline\NotesOnline\Scripts\components\app\app.component.js
C:\Users\acer\Desktop\NotesOnline\NotesOnline\Scripts\components\app\app.component.js.map
C:\Users\acer\Desktop\NotesOnline\NotesOnline\Scripts\components\home\home.component.js
C:\Users\acer\Desktop\NotesOnline\NotesOnline\Scripts\components\home\home.component.js.map
C:\Users\acer\Desktop\NotesOnline\NotesOnline\Scripts\components\navmenu\navmenu.component.js
C:\Users\acer\Desktop\NotesOnline\NotesOnline\Scripts\components\navmenu\navmenu.component.js.map
C:\Users\acer\Desktop\NotesOnline\NotesOnline\Scripts\services\authentication.service.js
C:\Users\acer\Desktop\NotesOnline\NotesOnline\Scripts\services\authentication.service.js.map
C:\Users\acer\Desktop\NotesOnline\NotesOnline\Scripts\components\login\login.component.js
C:\Users\acer\Desktop\NotesOnline\NotesOnline\Scripts\components\login\login.component.js.map
C:\Users\acer\Desktop\NotesOnline\NotesOnline\Scripts\components\footer\footer.component.js
C:\Users\acer\Desktop\NotesOnline\NotesOnline\Scripts\components\footer\footer.component.js.map
C:\Users\acer\Desktop\NotesOnline\NotesOnline\Scripts\boot.js
C:\Users\acer\Desktop\NotesOnline\NotesOnline\Scripts\boot.js.map
C:\Users\acer\Desktop\NotesOnline\NotesOnline\Scripts\main.js
C:\Users\acer\Desktop\NotesOnline\NotesOnline\Scripts\main.js.map
C:\Users\acer\Desktop\NotesOnline\NotesOnline\Scripts\components\app\app.component.js
C:\Users\acer\Desktop\NotesOnline\NotesOnline\Scripts\components\app\app.component.js.map
C:\Users\acer\Desktop\NotesOnline\NotesOnline\Scripts\components\home\home.component.js
C:\Users\acer\Desktop\NotesOnline\NotesOnline\Scripts\components\home\home.component.js.map
C:\Users\acer\Desktop\NotesOnline\NotesOnline\Scripts\components\navmenu\navmenu.component.js
C:\Users\acer\Desktop\NotesOnline\NotesOnline\Scripts\components\navmenu\navmenu.component.js.map
C:\Users\acer\Desktop\NotesOnline\NotesOnline\Scripts\services\authentication.service.js
C:\Users\acer\Desktop\NotesOnline\NotesOnline\Scripts\services\authentication.service.js.map
C:\Users\acer\Desktop\NotesOnline\NotesOnline\Scripts\components\login\login.component.js
C:\Users\acer\Desktop\NotesOnline\NotesOnline\Scripts\components\login\login.component.js.map
C:\Users\acer\Desktop\NotesOnline\NotesOnline\Scripts\components\footer\footer.component.js
C:\Users\acer\Desktop\NotesOnline\NotesOnline\Scripts\components\footer\footer.component.js.map
C:\Users\acer\Desktop\NotesOnline\NotesOnline\Scripts\boot.js
C:\Users\acer\Desktop\NotesOnline\NotesOnline\Scripts\boot.js.map
C:\Users\acer\Desktop\NotesOnline\NotesOnline\Scripts\main.js
C:\Users\acer\Desktop\NotesOnline\NotesOnline\Scripts\main.js.map
C:\Users\acer\Desktop\NotesOnline\NotesOnline\Scripts\components\app\app.component.js
C:\Users\acer\Desktop\NotesOnline\NotesOnline\Scripts\components\app\app.component.js.map
C:\Users\acer\Desktop\NotesOnline\NotesOnline\Scripts\components\home\home.component.js
C:\Users\acer\Desktop\NotesOnline\NotesOnline\Scripts\components\home\home.component.js.map
C:\Users\acer\Desktop\NotesOnline\NotesOnline\Scripts\components\navmenu\navmenu.component.js
C:\Users\acer\Desktop\NotesOnline\NotesOnline\Scripts\components\navmenu\navmenu.component.js.map
C:\Users\acer\Desktop\NotesOnline\NotesOnline\Scripts\services\authentication.service.js
C:\Users\acer\Desktop\NotesOnline\NotesOnline\Scripts\services\authentication.service.js.map
C:\Users\acer\Desktop\NotesOnline\NotesOnline\Scripts\components\login\login.component.js
C:\Users\acer\Desktop\NotesOnline\NotesOnline\Scripts\components\login\login.component.js.map
C:\Users\acer\Desktop\NotesOnline\NotesOnline\Scripts\components\footer\footer.component.js
C:\Users\acer\Desktop\NotesOnline\NotesOnline\Scripts\components\footer\footer.component.js.map
C:\Users\acer\Desktop\NotesOnline\NotesOnline\Scripts\boot.js
C:\Users\acer\Desktop\NotesOnline\NotesOnline\Scripts\boot.js.map
C:\Users\acer\Desktop\NotesOnline\NotesOnline\Scripts\main.js
C:\Users\acer\Desktop\NotesOnline\NotesOnline\Scripts\main.js.map
C:\Users\acer\Desktop\NotesOnline\NotesOnline\Scripts\components\app\app.component.js
C:\Users\acer\Desktop\NotesOnline\NotesOnline\Scripts\components\app\app.component.js.map
C:\Users\acer\Desktop\NotesOnline\NotesOnline\Scripts\components\home\home.component.js
C:\Users\acer\Desktop\NotesOnline\NotesOnline\Scripts\components\home\home.component.js.map
C:\Users\acer\Desktop\NotesOnline\NotesOnline\Scripts\components\navmenu\navmenu.component.js
C:\Users\acer\Desktop\NotesOnline\NotesOnline\Scripts\components\navmenu\navmenu.component.js.map
C:\Users\acer\Desktop\NotesOnline\NotesOnline\Scripts\services\authentication.service.js
C:\Users\acer\Desktop\NotesOnline\NotesOnline\Scripts\services\authentication.service.js.map
C:\Users\acer\Desktop\NotesOnline\NotesOnline\Scripts\components\login\login.component.js
C:\Users\acer\Desktop\NotesOnline\NotesOnline\Scripts\components\login\login.component.js.map
C:\Users\acer\Desktop\NotesOnline\NotesOnline\Scripts\components\footer\footer.component.js
C:\Users\acer\Desktop\NotesOnline\NotesOnline\Scripts\components\footer\footer.component.js.map
C:\Users\acer\Desktop\NotesOnline\NotesOnline\Scripts\boot.js
C:\Users\acer\Desktop\NotesOnline\NotesOnline\Scripts\boot.js.map
C:\Users\acer\Desktop\NotesOnline\NotesOnline\Scripts\main.js
C:\Users\acer\Desktop\NotesOnline\NotesOnline\Scripts\main.js.map
C:\Users\acer\Desktop\NotesOnline\NotesOnline\Scripts\components\app\app.component.js
C:\Users\acer\Desktop\NotesOnline\NotesOnline\Scripts\components\app\app.component.js.map
C:\Users\acer\Desktop\NotesOnline\NotesOnline\Scripts\components\home\home.component.js
C:\Users\acer\Desktop\NotesOnline\NotesOnline\Scripts\components\home\home.component.js.map
C:\Users\acer\Desktop\NotesOnline\NotesOnline\Scripts\components\navmenu\navmenu.component.js
C:\Users\acer\Desktop\NotesOnline\NotesOnline\Scripts\components\navmenu\navmenu.component.js.map
C:\Users\acer\Desktop\NotesOnline\NotesOnline\Scripts\services\authentication.service.js
C:\Users\acer\Desktop\NotesOnline\NotesOnline\Scripts\services\authentication.service.js.map
C:\Users\acer\Desktop\NotesOnline\NotesOnline\Scripts\components\login\login.component.js
C:\Users\acer\Desktop\NotesOnline\NotesOnline\Scripts\components\login\login.component.js.map
C:\Users\acer\Desktop\NotesOnline\NotesOnline\Scripts\components\footer\footer.component.js
C:\Users\acer\Desktop\NotesOnline\NotesOnline\Scripts\components\footer\footer.component.js.map
C:\Users\acer\Desktop\NotesOnline\NotesOnline\Scripts\boot.js
C:\Users\acer\Desktop\NotesOnline\NotesOnline\Scripts\boot.js.map
C:\Users\acer\Desktop\NotesOnline\NotesOnline\Scripts\main.js
C:\Users\acer\Desktop\NotesOnline\NotesOnline\Scripts\main.js.map
C:\Users\acer\Desktop\NotesOnline\NotesOnline\Scripts\components\app\app.component.js
C:\Users\acer\Desktop\NotesOnline\NotesOnline\Scripts\components\app\app.component.js.map
C:\Users\acer\Desktop\NotesOnline\NotesOnline\Scripts\components\home\home.component.js
C:\Users\acer\Desktop\NotesOnline\NotesOnline\Scripts\components\home\home.component.js.map
C:\Users\acer\Desktop\NotesOnline\NotesOnline\Scripts\components\navmenu\navmenu.component.js
C:\Users\acer\Desktop\NotesOnline\NotesOnline\Scripts\components\navmenu\navmenu.component.js.map
C:\Users\acer\Desktop\NotesOnline\NotesOnline\Scripts\services\authentication.service.js
C:\Users\acer\Desktop\NotesOnline\NotesOnline\Scripts\services\authentication.service.js.map
C:\Users\acer\Desktop\NotesOnline\NotesOnline\Scripts\components\login\login.component.js
C:\Users\acer\Desktop\NotesOnline\NotesOnline\Scripts\components\login\login.component.js.map
C:\Users\acer\Desktop\NotesOnline\NotesOnline\Scripts\components\footer\footer.component.js
C:\Users\acer\Desktop\NotesOnline\NotesOnline\Scripts\components\footer\footer.component.js.map
C:\Users\acer\Desktop\NotesOnline\NotesOnline\Scripts\boot.js
C:\Users\acer\Desktop\NotesOnline\NotesOnline\Scripts\boot.js.map
C:\Users\acer\Desktop\NotesOnline\NotesOnline\Scripts\main.js
C:\Users\acer\Desktop\NotesOnline\NotesOnline\Scripts\main.js.map
C:\Users\acer\Desktop\NotesOnline\NotesOnline\Scripts\components\app\app.component.js
C:\Users\acer\Desktop\NotesOnline\NotesOnline\Scripts\components\app\app.component.js.map
C:\Users\acer\Desktop\NotesOnline\NotesOnline\Scripts\components\home\home.component.js
C:\Users\acer\Desktop\NotesOnline\NotesOnline\Scripts\components\home\home.component.js.map
C:\Users\acer\Desktop\NotesOnline\NotesOnline\Scripts\components\navmenu\navmenu.component.js
C:\Users\acer\Desktop\NotesOnline\NotesOnline\Scripts\components\navmenu\navmenu.component.js.map
C:\Users\acer\Desktop\NotesOnline\NotesOnline\Scripts\services\authentication.service.js
C:\Users\acer\Desktop\NotesOnline\NotesOnline\Scripts\services\authentication.service.js.map
C:\Users\acer\Desktop\NotesOnline\NotesOnline\Scripts\components\login\login.component.js
C:\Users\acer\Desktop\NotesOnline\NotesOnline\Scripts\components\login\login.component.js.map
C:\Users\acer\Desktop\NotesOnline\NotesOnline\Scripts\components\footer\footer.component.js
C:\Users\acer\Desktop\NotesOnline\NotesOnline\Scripts\components\footer\footer.component.js.map
C:\Users\acer\Desktop\NotesOnline\NotesOnline\Scripts\boot.js
C:\Users\acer\Desktop\NotesOnline\NotesOnline\Scripts\boot.js.map
C:\Users\acer\Desktop\NotesOnline\NotesOnline\Scripts\main.js
C:\Users\acer\Desktop\NotesOnline\NotesOnline\Scripts\main.js.map
C:\Users\acer\Desktop\NotesOnline\NotesOnline\Scripts\components\app\app.component.js
C:\Users\acer\Desktop\NotesOnline\NotesOnline\Scripts\components\app\app.component.js.map
C:\Users\acer\Desktop\NotesOnline\NotesOnline\Scripts\components\home\home.component.js
C:\Users\acer\Desktop\NotesOnline\NotesOnline\Scripts\components\home\home.component.js.map
C:\Users\acer\Desktop\NotesOnline\NotesOnline\Scripts\components\navmenu\navmenu.component.js
C:\Users\acer\Desktop\NotesOnline\NotesOnline\Scripts\components\navmenu\navmenu.component.js.map
C:\Users\acer\Desktop\NotesOnline\NotesOnline\Scripts\services\authentication.service.js
C:\Users\acer\Desktop\NotesOnline\NotesOnline\Scripts\services\authentication.service.js.map
C:\Users\acer\Desktop\NotesOnline\NotesOnline\Scripts\components\login\login.component.js
C:\Users\acer\Desktop\NotesOnline\NotesOnline\Scripts\components\login\login.component.js.map
C:\Users\acer\Desktop\NotesOnline\NotesOnline\Scripts\components\footer\footer.component.js
C:\Users\acer\Desktop\NotesOnline\NotesOnline\Scripts\components\footer\footer.component.js.map
C:\Users\acer\Desktop\NotesOnline\NotesOnline\Scripts\boot.js
C:\Users\acer\Desktop\NotesOnline\NotesOnline\Scripts\boot.js.map
C:\Users\acer\Desktop\NotesOnline\NotesOnline\Scripts\main.js
C:\Users\acer\Desktop\NotesOnline\NotesOnline\Scripts\main.js.map
C:\Users\acer\Desktop\NotesOnline\NotesOnline\Scripts\components\app\app.component.js
C:\Users\acer\Desktop\NotesOnline\NotesOnline\Scripts\components\app\app.component.js.map
C:\Users\acer\Desktop\NotesOnline\NotesOnline\Scripts\components\home\home.component.js
C:\Users\acer\Desktop\NotesOnline\NotesOnline\Scripts\components\home\home.component.js.map
C:\Users\acer\Desktop\NotesOnline\NotesOnline\Scripts\components\navmenu\navmenu.component.js
C:\Users\acer\Desktop\NotesOnline\NotesOnline\Scripts\components\navmenu\navmenu.component.js.map
C:\Users\acer\Desktop\NotesOnline\NotesOnline\Scripts\services\authentication.service.js
C:\Users\acer\Desktop\NotesOnline\NotesOnline\Scripts\services\authentication.service.js.map
C:\Users\acer\Desktop\NotesOnline\NotesOnline\Scripts\components\login\login.component.js
C:\Users\acer\Desktop\NotesOnline\NotesOnline\Scripts\components\login\login.component.js.map
C:\Users\acer\Desktop\NotesOnline\NotesOnline\Scripts\components\footer\footer.component.js
C:\Users\acer\Desktop\NotesOnline\NotesOnline\Scripts\components\footer\footer.component.js.map
C:\Users\acer\Desktop\NotesOnline\NotesOnline\Scripts\boot.js
C:\Users\acer\Desktop\NotesOnline\NotesOnline\Scripts\boot.js.map
C:\Users\acer\Desktop\NotesOnline\NotesOnline\Scripts\main.js
C:\Users\acer\Desktop\NotesOnline\NotesOnline\Scripts\main.js.map
C:\Users\acer\Desktop\NotesOnline\NotesOnline\Scripts\components\app\app.component.js
C:\Users\acer\Desktop\NotesOnline\NotesOnline\Scripts\components\app\app.component.js.map
C:\Users\acer\Desktop\NotesOnline\NotesOnline\Scripts\components\home\home.component.js
C:\Users\acer\Desktop\NotesOnline\NotesOnline\Scripts\components\home\home.component.js.map
C:\Users\acer\Desktop\NotesOnline\NotesOnline\Scripts\components\navmenu\navmenu.component.js
C:\Users\acer\Desktop\NotesOnline\NotesOnline\Scripts\components\navmenu\navmenu.component.js.map
C:\Users\acer\Desktop\NotesOnline\NotesOnline\Scripts\services\authentication.service.js
C:\Users\acer\Desktop\NotesOnline\NotesOnline\Scripts\services\authentication.service.js.map
C:\Users\acer\Desktop\NotesOnline\NotesOnline\Scripts\components\login\login.component.js
C:\Users\acer\Desktop\NotesOnline\NotesOnline\Scripts\components\login\login.component.js.map
C:\Users\acer\Desktop\NotesOnline\NotesOnline\Scripts\components\footer\footer.component.js
C:\Users\acer\Desktop\NotesOnline\NotesOnline\Scripts\components\footer\footer.component.js.map
C:\Users\acer\Desktop\NotesOnline\NotesOnline\Scripts\boot.js
C:\Users\acer\Desktop\NotesOnline\NotesOnline\Scripts\boot.js.map
C:\Users\acer\Desktop\NotesOnline\NotesOnline\Scripts\main.js
C:\Users\acer\Desktop\NotesOnline\NotesOnline\Scripts\main.js.map
C:\Users\acer\Desktop\NotesOnline\NotesOnline\Scripts\components\app\app.component.js
C:\Users\acer\Desktop\NotesOnline\NotesOnline\Scripts\components\app\app.component.js.map
C:\Users\acer\Desktop\NotesOnline\NotesOnline\Scripts\components\home\home.component.js
C:\Users\acer\Desktop\NotesOnline\NotesOnline\Scripts\components\home\home.component.js.map
C:\Users\acer\Desktop\NotesOnline\NotesOnline\Scripts\components\navmenu\navmenu.component.js
C:\Users\acer\Desktop\NotesOnline\NotesOnline\Scripts\components\navmenu\navmenu.component.js.map
C:\Users\acer\Desktop\NotesOnline\NotesOnline\Scripts\services\authentication.service.js
C:\Users\acer\Desktop\NotesOnline\NotesOnline\Scripts\services\authentication.service.js.map
C:\Users\acer\Desktop\NotesOnline\NotesOnline\Scripts\components\login\login.component.js
C:\Users\acer\Desktop\NotesOnline\NotesOnline\Scripts\components\login\login.component.js.map
C:\Users\acer\Desktop\NotesOnline\NotesOnline\Scripts\components\footer\footer.component.js
C:\Users\acer\Desktop\NotesOnline\NotesOnline\Scripts\components\footer\footer.component.js.map
C:\Users\acer\Desktop\NotesOnline\NotesOnline\Scripts\boot.js
C:\Users\acer\Desktop\NotesOnline\NotesOnline\Scripts\boot.js.map
C:\Users\acer\Desktop\NotesOnline\NotesOnline\Scripts\main.js
C:\Users\acer\Desktop\NotesOnline\NotesOnline\Scripts\main.js.map
C:\Users\acer\Desktop\NotesOnline\NotesOnline\Scripts\components\app\app.component.js
C:\Users\acer\Desktop\NotesOnline\NotesOnline\Scripts\components\app\app.component.js.map
C:\Users\acer\Desktop\NotesOnline\NotesOnline\Scripts\components\home\home.component.js
C:\Users\acer\Desktop\NotesOnline\NotesOnline\Scripts\components\home\home.component.js.map
C:\Users\acer\Desktop\NotesOnline\NotesOnline\Scripts\components\navmenu\navmenu.component.js
C:\Users\acer\Desktop\NotesOnline\NotesOnline\Scripts\components\navmenu\navmenu.component.js.map
C:\Users\acer\Desktop\NotesOnline\NotesOnline\Scripts\services\authentication.service.js
C:\Users\acer\Desktop\NotesOnline\NotesOnline\Scripts\services\authentication.service.js.map
C:\Users\acer\Desktop\NotesOnline\NotesOnline\Scripts\components\login\login.component.js
C:\Users\acer\Desktop\NotesOnline\NotesOnline\Scripts\components\login\login.component.js.map
C:\Users\acer\Desktop\NotesOnline\NotesOnline\Scripts\components\footer\footer.component.js
C:\Users\acer\Desktop\NotesOnline\NotesOnline\Scripts\components\footer\footer.component.js.map
C:\Users\acer\Desktop\NotesOnline\NotesOnline\Scripts\boot.js
C:\Users\acer\Desktop\NotesOnline\NotesOnline\Scripts\boot.js.map
C:\Users\acer\Desktop\NotesOnline\NotesOnline\Scripts\main.js
C:\Users\acer\Desktop\NotesOnline\NotesOnline\Scripts\main.js.map
C:\Users\acer\Desktop\NotesOnline\NotesOnline\Scripts\components\app\app.component.js
C:\Users\acer\Desktop\NotesOnline\NotesOnline\Scripts\components\app\app.component.js.map
C:\Users\acer\Desktop\NotesOnline\NotesOnline\Scripts\components\home\home.component.js
C:\Users\acer\Desktop\NotesOnline\NotesOnline\Scripts\components\home\home.component.js.map
C:\Users\acer\Desktop\NotesOnline\NotesOnline\Scripts\components\navmenu\navmenu.component.js
C:\Users\acer\Desktop\NotesOnline\NotesOnline\Scripts\components\navmenu\navmenu.component.js.map
C:\Users\acer\Desktop\NotesOnline\NotesOnline\Scripts\services\authentication.service.js
C:\Users\acer\Desktop\NotesOnline\NotesOnline\Scripts\services\authentication.service.js.map
C:\Users\acer\Desktop\NotesOnline\NotesOnline\Scripts\components\login\login.component.js
C:\Users\acer\Desktop\NotesOnline\NotesOnline\Scripts\components\login\login.component.js.map
C:\Users\acer\Desktop\NotesOnline\NotesOnline\Scripts\components\footer\footer.component.js
C:\Users\acer\Desktop\NotesOnline\NotesOnline\Scripts\components\footer\footer.component.js.map
C:\Users\acer\Desktop\NotesOnline\NotesOnline\Scripts\boot.js
C:\Users\acer\Desktop\NotesOnline\NotesOnline\Scripts\boot.js.map
C:\Users\acer\Desktop\NotesOnline\NotesOnline\Scripts\main.js
C:\Users\acer\Desktop\NotesOnline\NotesOnline\Scripts\main.js.map
C:\Users\acer\Desktop\NotesOnline\NotesOnline\Scripts\components\app\app.component.js
C:\Users\acer\Desktop\NotesOnline\NotesOnline\Scripts\components\app\app.component.js.map
C:\Users\acer\Desktop\NotesOnline\NotesOnline\Scripts\components\home\home.component.js
C:\Users\acer\Desktop\NotesOnline\NotesOnline\Scripts\components\home\home.component.js.map
C:\Users\acer\Desktop\NotesOnline\NotesOnline\Scripts\components\navmenu\navmenu.component.js
C:\Users\acer\Desktop\NotesOnline\NotesOnline\Scripts\components\navmenu\navmenu.component.js.map
C:\Users\acer\Desktop\NotesOnline\NotesOnline\Scripts\services\authentication.service.js
C:\Users\acer\Desktop\NotesOnline\NotesOnline\Scripts\services\authentication.service.js.map
C:\Users\acer\Desktop\NotesOnline\NotesOnline\Scripts\components\login\login.component.js
C:\Users\acer\Desktop\NotesOnline\NotesOnline\Scripts\components\login\login.component.js.map
C:\Users\acer\Desktop\NotesOnline\NotesOnline\Scripts\components\footer\footer.component.js
C:\Users\acer\Desktop\NotesOnline\NotesOnline\Scripts\components\footer\footer.component.js.map
C:\Users\acer\Desktop\NotesOnline\NotesOnline\Scripts\boot.js
C:\Users\acer\Desktop\NotesOnline\NotesOnline\Scripts\boot.js.map
C:\Users\acer\Desktop\NotesOnline\NotesOnline\Scripts\main.js
C:\Users\acer\Desktop\NotesOnline\NotesOnline\Scripts\main.js.map
C:\Users\acer\Desktop\NotesOnline\NotesOnline\Scripts\components\app\app.component.js
C:\Users\acer\Desktop\NotesOnline\NotesOnline\Scripts\components\app\app.component.js.map
C:\Users\acer\Desktop\NotesOnline\NotesOnline\Scripts\components\home\home.component.js
C:\Users\acer\Desktop\NotesOnline\NotesOnline\Scripts\components\home\home.component.js.map
C:\Users\acer\Desktop\NotesOnline\NotesOnline\Scripts\components\navmenu\navmenu.component.js
C:\Users\acer\Desktop\NotesOnline\NotesOnline\Scripts\components\navmenu\navmenu.component.js.map
C:\Users\acer\Desktop\NotesOnline\NotesOnline\Scripts\services\authentication.service.js
C:\Users\acer\Desktop\NotesOnline\NotesOnline\Scripts\services\authentication.service.js.map
C:\Users\acer\Desktop\NotesOnline\NotesOnline\Scripts\components\login\login.component.js
C:\Users\acer\Desktop\NotesOnline\NotesOnline\Scripts\components\login\login.component.js.map
C:\Users\acer\Desktop\NotesOnline\NotesOnline\Scripts\components\footer\footer.component.js
C:\Users\acer\Desktop\NotesOnline\NotesOnline\Scripts\components\footer\footer.component.js.map
C:\Users\acer\Desktop\NotesOnline\NotesOnline\Scripts\boot.js
C:\Users\acer\Desktop\NotesOnline\NotesOnline\Scripts\boot.js.map
C:\Users\acer\Desktop\NotesOnline\NotesOnline\Scripts\main.js
C:\Users\acer\Desktop\NotesOnline\NotesOnline\Scripts\main.js.map
C:\Users\acer\Desktop\NotesOnline\NotesOnline\Scripts\components\app\app.component.js
C:\Users\acer\Desktop\NotesOnline\NotesOnline\Scripts\components\app\app.component.js.map
C:\Users\acer\Desktop\NotesOnline\NotesOnline\Scripts\components\home\home.component.js
C:\Users\acer\Desktop\NotesOnline\NotesOnline\Scripts\components\home\home.component.js.map
C:\Users\acer\Desktop\NotesOnline\NotesOnline\Scripts\components\navmenu\navmenu.component.js
C:\Users\acer\Desktop\NotesOnline\NotesOnline\Scripts\components\navmenu\navmenu.component.js.map
C:\Users\acer\Desktop\NotesOnline\NotesOnline\Scripts\services\authentication.service.js
C:\Users\acer\Desktop\NotesOnline\NotesOnline\Scripts\services\authentication.service.js.map
C:\Users\acer\Desktop\NotesOnline\NotesOnline\Scripts\components\login\login.component.js
C:\Users\acer\Desktop\NotesOnline\NotesOnline\Scripts\components\login\login.component.js.map
C:\Users\acer\Desktop\NotesOnline\NotesOnline\Scripts\components\footer\footer.component.js
C:\Users\acer\Desktop\NotesOnline\NotesOnline\Scripts\components\footer\footer.component.js.map
C:\Users\acer\Desktop\NotesOnline\NotesOnline\Scripts\boot.js
C:\Users\acer\Desktop\NotesOnline\NotesOnline\Scripts\boot.js.map
C:\Users\acer\Desktop\NotesOnline\NotesOnline\Scripts\main.js
C:\Users\acer\Desktop\NotesOnline\NotesOnline\Scripts\main.js.map
C:\Users\acer\Desktop\NotesOnline\NotesOnline\Scripts\components\app\app.component.js
C:\Users\acer\Desktop\NotesOnline\NotesOnline\Scripts\components\app\app.component.js.map
C:\Users\acer\Desktop\NotesOnline\NotesOnline\Scripts\components\home\home.component.js
C:\Users\acer\Desktop\NotesOnline\NotesOnline\Scripts\components\home\home.component.js.map
C:\Users\acer\Desktop\NotesOnline\NotesOnline\Scripts\components\navmenu\navmenu.component.js
C:\Users\acer\Desktop\NotesOnline\NotesOnline\Scripts\components\navmenu\navmenu.component.js.map
C:\Users\acer\Desktop\NotesOnline\NotesOnline\Scripts\services\authentication.service.js
C:\Users\acer\Desktop\NotesOnline\NotesOnline\Scripts\services\authentication.service.js.map
C:\Users\acer\Desktop\NotesOnline\NotesOnline\Scripts\components\login\login.component.js
C:\Users\acer\Desktop\NotesOnline\NotesOnline\Scripts\components\login\login.component.js.map
C:\Users\acer\Desktop\NotesOnline\NotesOnline\Scripts\components\footer\footer.component.js
C:\Users\acer\Desktop\NotesOnline\NotesOnline\Scripts\components\footer\footer.component.js.map
C:\Users\acer\Desktop\NotesOnline\NotesOnline\Scripts\boot.js
C:\Users\acer\Desktop\NotesOnline\NotesOnline\Scripts\boot.js.map
C:\Users\acer\Desktop\NotesOnline\NotesOnline\Scripts\main.js
C:\Users\acer\Desktop\NotesOnline\NotesOnline\Scripts\main.js.map
C:\Users\acer\Desktop\NotesOnline\NotesOnline\Scripts\components\app\app.component.js
C:\Users\acer\Desktop\NotesOnline\NotesOnline\Scripts\components\app\app.component.js.map
C:\Users\acer\Desktop\NotesOnline\NotesOnline\Scripts\components\home\home.component.js
C:\Users\acer\Desktop\NotesOnline\NotesOnline\Scripts\components\home\home.component.js.map
C:\Users\acer\Desktop\NotesOnline\NotesOnline\Scripts\components\navmenu\navmenu.component.js
C:\Users\acer\Desktop\NotesOnline\NotesOnline\Scripts\components\navmenu\navmenu.component.js.map
C:\Users\acer\Desktop\NotesOnline\NotesOnline\Scripts\services\authentication.service.js
C:\Users\acer\Desktop\NotesOnline\NotesOnline\Scripts\services\authentication.service.js.map
C:\Users\acer\Desktop\NotesOnline\NotesOnline\Scripts\components\login\login.component.js
C:\Users\acer\Desktop\NotesOnline\NotesOnline\Scripts\components\login\login.component.js.map
C:\Users\acer\Desktop\NotesOnline\NotesOnline\Scripts\components\footer\footer.component.js
C:\Users\acer\Desktop\NotesOnline\NotesOnline\Scripts\components\footer\footer.component.js.map
C:\Users\acer\Desktop\NotesOnline\NotesOnline\Scripts\boot.js
C:\Users\acer\Desktop\NotesOnline\NotesOnline\Scripts\boot.js.map
C:\Users\acer\Desktop\NotesOnline\NotesOnline\Scripts\main.js
C:\Users\acer\Desktop\NotesOnline\NotesOnline\Scripts\main.js.map
C:\Users\acer\Desktop\NotesOnline\NotesOnline\Scripts\components\app\app.component.js
C:\Users\acer\Desktop\NotesOnline\NotesOnline\Scripts\components\app\app.component.js.map
C:\Users\acer\Desktop\NotesOnline\NotesOnline\Scripts\components\home\home.component.js
C:\Users\acer\Desktop\NotesOnline\NotesOnline\Scripts\components\home\home.component.js.map
C:\Users\acer\Desktop\NotesOnline\NotesOnline\Scripts\components\navmenu\navmenu.component.js
C:\Users\acer\Desktop\NotesOnline\NotesOnline\Scripts\components\navmenu\navmenu.component.js.map
C:\Users\acer\Desktop\NotesOnline\NotesOnline\Scripts\services\authentication.service.js
C:\Users\acer\Desktop\NotesOnline\NotesOnline\Scripts\services\authentication.service.js.map
C:\Users\acer\Desktop\NotesOnline\NotesOnline\Scripts\components\login\login.component.js
C:\Users\acer\Desktop\NotesOnline\NotesOnline\Scripts\components\login\login.component.js.map
C:\Users\acer\Desktop\NotesOnline\NotesOnline\Scripts\components\footer\footer.component.js
C:\Users\acer\Desktop\NotesOnline\NotesOnline\Scripts\components\footer\footer.component.js.map
C:\Users\acer\Desktop\NotesOnline\NotesOnline\Scripts\boot.js
C:\Users\acer\Desktop\NotesOnline\NotesOnline\Scripts\boot.js.map
C:\Users\acer\Desktop\NotesOnline\NotesOnline\Scripts\main.js
C:\Users\acer\Desktop\NotesOnline\NotesOnline\Scripts\main.js.map
C:\Users\acer\Desktop\NotesOnline\NotesOnline\Scripts\components\app\app.component.js
C:\Users\acer\Desktop\NotesOnline\NotesOnline\Scripts\components\app\app.component.js.map
C:\Users\acer\Desktop\NotesOnline\NotesOnline\Scripts\components\home\home.component.js
C:\Users\acer\Desktop\NotesOnline\NotesOnline\Scripts\components\home\home.component.js.map
C:\Users\acer\Desktop\NotesOnline\NotesOnline\Scripts\components\navmenu\navmenu.component.js
C:\Users\acer\Desktop\NotesOnline\NotesOnline\Scripts\components\navmenu\navmenu.component.js.map
C:\Users\acer\Desktop\NotesOnline\NotesOnline\Scripts\services\authentication.service.js
C:\Users\acer\Desktop\NotesOnline\NotesOnline\Scripts\services\authentication.service.js.map
C:\Users\acer\Desktop\NotesOnline\NotesOnline\Scripts\components\login\login.component.js
C:\Users\acer\Desktop\NotesOnline\NotesOnline\Scripts\components\login\login.component.js.map
C:\Users\acer\Desktop\NotesOnline\NotesOnline\Scripts\components\footer\footer.component.js
C:\Users\acer\Desktop\NotesOnline\NotesOnline\Scripts\components\footer\footer.component.js.map
C:\Users\acer\Desktop\NotesOnline\NotesOnline\Scripts\boot.js
C:\Users\acer\Desktop\NotesOnline\NotesOnline\Scripts\boot.js.map
C:\Users\acer\Desktop\NotesOnline\NotesOnline\Scripts\main.js
C:\Users\acer\Desktop\NotesOnline\NotesOnline\Scripts\main.js.map
C:\Users\acer\Desktop\NotesOnline\NotesOnline\Scripts\components\app\app.component.js
C:\Users\acer\Desktop\NotesOnline\NotesOnline\Scripts\components\app\app.component.js.map
C:\Users\acer\Desktop\NotesOnline\NotesOnline\Scripts\components\home\home.component.js
C:\Users\acer\Desktop\NotesOnline\NotesOnline\Scripts\components\home\home.component.js.map
C:\Users\acer\Desktop\NotesOnline\NotesOnline\Scripts\components\navmenu\navmenu.component.js
C:\Users\acer\Desktop\NotesOnline\NotesOnline\Scripts\components\navmenu\navmenu.component.js.map
C:\Users\acer\Desktop\NotesOnline\NotesOnline\Scripts\services\authentication.service.js
C:\Users\acer\Desktop\NotesOnline\NotesOnline\Scripts\services\authentication.service.js.map
C:\Users\acer\Desktop\NotesOnline\NotesOnline\Scripts\components\login\login.component.js
C:\Users\acer\Desktop\NotesOnline\NotesOnline\Scripts\components\login\login.component.js.map
C:\Users\acer\Desktop\NotesOnline\NotesOnline\Scripts\components\footer\footer.component.js
C:\Users\acer\Desktop\NotesOnline\NotesOnline\Scripts\components\footer\footer.component.js.map
C:\Users\acer\Desktop\NotesOnline\NotesOnline\Scripts\boot.js
C:\Users\acer\Desktop\NotesOnline\NotesOnline\Scripts\boot.js.map
C:\Users\acer\Desktop\NotesOnline\NotesOnline\Scripts\main.js
C:\Users\acer\Desktop\NotesOnline\NotesOnline\Scripts\main.js.map
C:\Users\acer\Desktop\NotesOnline\NotesOnline\Scripts\components\app\app.component.js
C:\Users\acer\Desktop\NotesOnline\NotesOnline\Scripts\components\app\app.component.js.map
C:\Users\acer\Desktop\NotesOnline\NotesOnline\Scripts\components\home\home.component.js
C:\Users\acer\Desktop\NotesOnline\NotesOnline\Scripts\components\home\home.component.js.map
C:\Users\acer\Desktop\NotesOnline\NotesOnline\Scripts\components\navmenu\navmenu.component.js
C:\Users\acer\Desktop\NotesOnline\NotesOnline\Scripts\components\navmenu\navmenu.component.js.map
C:\Users\acer\Desktop\NotesOnline\NotesOnline\Scripts\services\authentication.service.js
C:\Users\acer\Desktop\NotesOnline\NotesOnline\Scripts\services\authentication.service.js.map
C:\Users\acer\Desktop\NotesOnline\NotesOnline\Scripts\components\login\login.component.js
C:\Users\acer\Desktop\NotesOnline\NotesOnline\Scripts\components\login\login.component.js.map
C:\Users\acer\Desktop\NotesOnline\NotesOnline\Scripts\components\footer\footer.component.js
C:\Users\acer\Desktop\NotesOnline\NotesOnline\Scripts\components\footer\footer.component.js.map
C:\Users\acer\Desktop\NotesOnline\NotesOnline\Scripts\boot.js
C:\Users\acer\Desktop\NotesOnline\NotesOnline\Scripts\boot.js.map
C:\Users\acer\Desktop\NotesOnline\NotesOnline\Scripts\main.js
C:\Users\acer\Desktop\NotesOnline\NotesOnline\Scripts\main.js.map
C:\Users\acer\Desktop\NotesOnline\NotesOnline\Scripts\components\app\app.component.js
C:\Users\acer\Desktop\NotesOnline\NotesOnline\Scripts\components\app\app.component.js.map
C:\Users\acer\Desktop\NotesOnline\NotesOnline\Scripts\components\home\home.component.js
C:\Users\acer\Desktop\NotesOnline\NotesOnline\Scripts\components\home\home.component.js.map
C:\Users\acer\Desktop\NotesOnline\NotesOnline\Scripts\components\navmenu\navmenu.component.js
C:\Users\acer\Desktop\NotesOnline\NotesOnline\Scripts\components\navmenu\navmenu.component.js.map
C:\Users\acer\Desktop\NotesOnline\NotesOnline\Scripts\services\authentication.service.js
C:\Users\acer\Desktop\NotesOnline\NotesOnline\Scripts\services\authentication.service.js.map
C:\Users\acer\Desktop\NotesOnline\NotesOnline\Scripts\components\login\login.component.js
C:\Users\acer\Desktop\NotesOnline\NotesOnline\Scripts\components\login\login.component.js.map
C:\Users\acer\Desktop\NotesOnline\NotesOnline\Scripts\components\footer\footer.component.js
C:\Users\acer\Desktop\NotesOnline\NotesOnline\Scripts\components\footer\footer.component.js.map
C:\Users\acer\Desktop\NotesOnline\NotesOnline\Scripts\boot.js
C:\Users\acer\Desktop\NotesOnline\NotesOnline\Scripts\boot.js.map
C:\Users\acer\Desktop\NotesOnline\NotesOnline\Scripts\main.js
C:\Users\acer\Desktop\NotesOnline\NotesOnline\Scripts\main.js.map
C:\Users\acer\Desktop\NotesOnline\NotesOnline\Scripts\components\app\app.component.js
C:\Users\acer\Desktop\NotesOnline\NotesOnline\Scripts\components\app\app.component.js.map
C:\Users\acer\Desktop\NotesOnline\NotesOnline\Scripts\components\home\home.component.js
C:\Users\acer\Desktop\NotesOnline\NotesOnline\Scripts\components\home\home.component.js.map
C:\Users\acer\Desktop\NotesOnline\NotesOnline\Scripts\components\navmenu\navmenu.component.js
C:\Users\acer\Desktop\NotesOnline\NotesOnline\Scripts\components\navmenu\navmenu.component.js.map
C:\Users\acer\Desktop\NotesOnline\NotesOnline\Scripts\services\authentication.service.js
C:\Users\acer\Desktop\NotesOnline\NotesOnline\Scripts\services\authentication.service.js.map
C:\Users\acer\Desktop\NotesOnline\NotesOnline\Scripts\components\login\login.component.js
C:\Users\acer\Desktop\NotesOnline\NotesOnline\Scripts\components\login\login.component.js.map
C:\Users\acer\Desktop\NotesOnline\NotesOnline\Scripts\components\footer\footer.component.js
C:\Users\acer\Desktop\NotesOnline\NotesOnline\Scripts\components\footer\footer.component.js.map
C:\Users\acer\Desktop\NotesOnline\NotesOnline\Scripts\boot.js
C:\Users\acer\Desktop\NotesOnline\NotesOnline\Scripts\boot.js.map
C:\Users\acer\Desktop\NotesOnline\NotesOnline\Scripts\main.js
C:\Users\acer\Desktop\NotesOnline\NotesOnline\Scripts\main.js.map
C:\Users\acer\Desktop\NotesOnline\NotesOnline\Scripts\components\app\app.component.js
C:\Users\acer\Desktop\NotesOnline\NotesOnline\Scripts\components\app\app.component.js.map
C:\Users\acer\Desktop\NotesOnline\NotesOnline\Scripts\components\home\home.component.js
C:\Users\acer\Desktop\NotesOnline\NotesOnline\Scripts\components\home\home.component.js.map
C:\Users\acer\Desktop\NotesOnline\NotesOnline\Scripts\components\navmenu\navmenu.component.js
C:\Users\acer\Desktop\NotesOnline\NotesOnline\Scripts\components\navmenu\navmenu.component.js.map
C:\Users\acer\Desktop\NotesOnline\NotesOnline\Scripts\services\authentication.service.js
C:\Users\acer\Desktop\NotesOnline\NotesOnline\Scripts\services\authentication.service.js.map
C:\Users\acer\Desktop\NotesOnline\NotesOnline\Scripts\components\login\login.component.js
C:\Users\acer\Desktop\NotesOnline\NotesOnline\Scripts\components\login\login.component.js.map
C:\Users\acer\Desktop\NotesOnline\NotesOnline\Scripts\components\footer\footer.component.js
C:\Users\acer\Desktop\NotesOnline\NotesOnline\Scripts\components\footer\footer.component.js.map
C:\Users\acer\Desktop\NotesOnline\NotesOnline\Scripts\boot.js
C:\Users\acer\Desktop\NotesOnline\NotesOnline\Scripts\boot.js.map
C:\Users\acer\Desktop\NotesOnline\NotesOnline\Scripts\main.js
C:\Users\acer\Desktop\NotesOnline\NotesOnline\Scripts\main.js.map
C:\Users\acer\Desktop\NotesOnline\NotesOnline\Scripts\components\app\app.component.js
C:\Users\acer\Desktop\NotesOnline\NotesOnline\Scripts\components\app\app.component.js.map
C:\Users\acer\Desktop\NotesOnline\NotesOnline\Scripts\components\home\home.component.js
C:\Users\acer\Desktop\NotesOnline\NotesOnline\Scripts\components\home\home.component.js.map
C:\Users\acer\Desktop\NotesOnline\NotesOnline\Scripts\components\navmenu\navmenu.component.js
C:\Users\acer\Desktop\NotesOnline\NotesOnline\Scripts\components\navmenu\navmenu.component.js.map
C:\Users\acer\Desktop\NotesOnline\NotesOnline\Scripts\services\authentication.service.js
C:\Users\acer\Desktop\NotesOnline\NotesOnline\Scripts\services\authentication.service.js.map
C:\Users\acer\Desktop\NotesOnline\NotesOnline\Scripts\components\login\login.component.js
C:\Users\acer\Desktop\NotesOnline\NotesOnline\Scripts\components\login\login.component.js.map
C:\Users\acer\Desktop\NotesOnline\NotesOnline\Scripts\components\footer\footer.component.js
C:\Users\acer\Desktop\NotesOnline\NotesOnline\Scripts\components\footer\footer.component.js.map
C:\Users\acer\Desktop\NotesOnline\NotesOnline\Scripts\boot.js
C:\Users\acer\Desktop\NotesOnline\NotesOnline\Scripts\boot.js.map
C:\Users\acer\Desktop\NotesOnline\NotesOnline\Scripts\main.js
C:\Users\acer\Desktop\NotesOnline\NotesOnline\Scripts\main.js.map
C:\Users\acer\Desktop\NotesOnline\NotesOnline\Scripts\components\app\app.component.js
C:\Users\acer\Desktop\NotesOnline\NotesOnline\Scripts\components\app\app.component.js.map
C:\Users\acer\Desktop\NotesOnline\NotesOnline\Scripts\components\home\home.component.js
C:\Users\acer\Desktop\NotesOnline\NotesOnline\Scripts\components\home\home.component.js.map
C:\Users\acer\Desktop\NotesOnline\NotesOnline\Scripts\components\navmenu\navmenu.component.js
C:\Users\acer\Desktop\NotesOnline\NotesOnline\Scripts\components\navmenu\navmenu.component.js.map
C:\Users\acer\Desktop\NotesOnline\NotesOnline\Scripts\services\authentication.service.js
C:\Users\acer\Desktop\NotesOnline\NotesOnline\Scripts\services\authentication.service.js.map
C:\Users\acer\Desktop\NotesOnline\NotesOnline\Scripts\components\login\login.component.js
C:\Users\acer\Desktop\NotesOnline\NotesOnline\Scripts\components\login\login.component.js.map
C:\Users\acer\Desktop\NotesOnline\NotesOnline\Scripts\components\footer\footer.component.js
C:\Users\acer\Desktop\NotesOnline\NotesOnline\Scripts\components\footer\footer.component.js.map
C:\Users\acer\Desktop\NotesOnline\NotesOnline\Scripts\boot.js
C:\Users\acer\Desktop\NotesOnline\NotesOnline\Scripts\boot.js.map
C:\Users\acer\Desktop\NotesOnline\NotesOnline\Scripts\main.js
C:\Users\acer\Desktop\NotesOnline\NotesOnline\Scripts\main.js.map
C:\Users\acer\Desktop\NotesOnline\NotesOnline\Scripts\components\app\app.component.js
C:\Users\acer\Desktop\NotesOnline\NotesOnline\Scripts\components\app\app.component.js.map
C:\Users\acer\Desktop\NotesOnline\NotesOnline\Scripts\components\home\home.component.js
C:\Users\acer\Desktop\NotesOnline\NotesOnline\Scripts\components\home\home.component.js.map
C:\Users\acer\Desktop\NotesOnline\NotesOnline\Scripts\components\navmenu\navmenu.component.js
C:\Users\acer\Desktop\NotesOnline\NotesOnline\Scripts\components\navmenu\navmenu.component.js.map
C:\Users\acer\Desktop\NotesOnline\NotesOnline\Scripts\services\authentication.service.js
C:\Users\acer\Desktop\NotesOnline\NotesOnline\Scripts\services\authentication.service.js.map
C:\Users\acer\Desktop\NotesOnline\NotesOnline\Scripts\components\login\login.component.js
C:\Users\acer\Desktop\NotesOnline\NotesOnline\Scripts\components\login\login.component.js.map
C:\Users\acer\Desktop\NotesOnline\NotesOnline\Scripts\components\footer\footer.component.js
C:\Users\acer\Desktop\NotesOnline\NotesOnline\Scripts\components\footer\footer.component.js.map
C:\Users\acer\Desktop\NotesOnline\NotesOnline\Scripts\boot.js
C:\Users\acer\Desktop\NotesOnline\NotesOnline\Scripts\boot.js.map
C:\Users\acer\Desktop\NotesOnline\NotesOnline\Scripts\main.js
C:\Users\acer\Desktop\NotesOnline\NotesOnline\Scripts\main.js.map
C:\Users\acer\Desktop\NotesOnline\NotesOnline\Scripts\components\app\app.component.js
C:\Users\acer\Desktop\NotesOnline\NotesOnline\Scripts\components\app\app.component.js.map
C:\Users\acer\Desktop\NotesOnline\NotesOnline\Scripts\components\home\home.component.js
C:\Users\acer\Desktop\NotesOnline\NotesOnline\Scripts\components\home\home.component.js.map
C:\Users\acer\Desktop\NotesOnline\NotesOnline\Scripts\components\navmenu\navmenu.component.js
C:\Users\acer\Desktop\NotesOnline\NotesOnline\Scripts\components\navmenu\navmenu.component.js.map
C:\Users\acer\Desktop\NotesOnline\NotesOnline\Scripts\services\authentication.service.js
C:\Users\acer\Desktop\NotesOnline\NotesOnline\Scripts\services\authentication.service.js.map
C:\Users\acer\Desktop\NotesOnline\NotesOnline\Scripts\components\login\login.component.js
C:\Users\acer\Desktop\NotesOnline\NotesOnline\Scripts\components\login\login.component.js.map
C:\Users\acer\Desktop\NotesOnline\NotesOnline\Scripts\components\footer\footer.component.js
C:\Users\acer\Desktop\NotesOnline\NotesOnline\Scripts\components\footer\footer.component.js.map
C:\Users\acer\Desktop\NotesOnline\NotesOnline\Scripts\boot.js
C:\Users\acer\Desktop\NotesOnline\NotesOnline\Scripts\boot.js.map
C:\Users\acer\Desktop\NotesOnline\NotesOnline\Scripts\main.js
C:\Users\acer\Desktop\NotesOnline\NotesOnline\Scripts\main.js.map
C:\Users\acer\Desktop\NotesOnline\NotesOnline\Scripts\components\app\app.component.js
C:\Users\acer\Desktop\NotesOnline\NotesOnline\Scripts\components\app\app.component.js.map
C:\Users\acer\Desktop\NotesOnline\NotesOnline\Scripts\components\home\home.component.js
C:\Users\acer\Desktop\NotesOnline\NotesOnline\Scripts\components\home\home.component.js.map
C:\Users\acer\Desktop\NotesOnline\NotesOnline\Scripts\components\navmenu\navmenu.component.js
C:\Users\acer\Desktop\NotesOnline\NotesOnline\Scripts\components\navmenu\navmenu.component.js.map
C:\Users\acer\Desktop\NotesOnline\NotesOnline\Scripts\services\authentication.service.js
C:\Users\acer\Desktop\NotesOnline\NotesOnline\Scripts\services\authentication.service.js.map
C:\Users\acer\Desktop\NotesOnline\NotesOnline\Scripts\components\login\login.component.js
C:\Users\acer\Desktop\NotesOnline\NotesOnline\Scripts\components\login\login.component.js.map
C:\Users\acer\Desktop\NotesOnline\NotesOnline\Scripts\components\footer\footer.component.js
C:\Users\acer\Desktop\NotesOnline\NotesOnline\Scripts\components\footer\footer.component.js.map
C:\Users\acer\Desktop\NotesOnline\NotesOnline\Scripts\boot.js
C:\Users\acer\Desktop\NotesOnline\NotesOnline\Scripts\boot.js.map
C:\Users\acer\Desktop\NotesOnline\NotesOnline\Scripts\main.js
C:\Users\acer\Desktop\NotesOnline\NotesOnline\Scripts\main.js.map
